app/build/outputs/logs/manifest-merger-debug-report.txt
-- Merging decision tree log ---
manifest
ADDED from src/main/AndroidManifest.xml:2:1-146:12
INJECTED from src/main/AndroidManifest.xml:2:1-146:12
INJECTED from src/main/AndroidManifest.xml:2:1-146:12
INJECTED from src/main/AndroidManifest.xml:2:1-146:12
MERGED from [:SMSSDK-3.0.0:] AndroidManifest.xml:2:1-14:12
MERGED from [:SMSSDKGUI-3.0.0:] AndroidManifest.xml:2:1-14:12
MERGED from [cn.qqtheme.framework:WheelPicker:1.5.5] AndroidManifest.xml:2:1-12:12
MERGED from [cn.qqtheme.framework:FilePicker:1.5.5] AndroidManifest.xml:2:1-13:12
MERGED from [cn.qqtheme.framework:ColorPicker:1.5.5] AndroidManifest.xml:2:1-12:12
MERGED from [com.android.support:design:26.0.0-alpha1] AndroidManifest.xml:17:1-31:12
MERGED from [com.dinuscxj:circleprogressbar:1.1.1] AndroidManifest.xml:2:1-16:12
MERGED from [com.qiushui:blurredview:0.8.1] AndroidManifest.xml:2:1-17:12
MERGED from [com.afollestad.material-dialogs:commons:0.9.1.0] AndroidManifest.xml:2:1-14:12
MERGED from [com.afollestad.material-dialogs:core:0.9.1.0] AndroidManifest.xml:2:1-15:12
MERGED from [com.github.florent37:materialviewpager:1.2.3] AndroidManifest.xml:2:1-11:12
MERGED from [me.zhanghai.android.materialprogressbar:library:1.3.0] AndroidManifest.xml:6:1-16:12
MERGED from [com.android.support:appcompat-v7:26.0.0-alpha1] AndroidManifest.xml:17:1-31:12
MERGED from [com.android.support.constraint:constraint-layout:1.0.2] AndroidManifest.xml:2:1-11:12
MERGED from [com.android.support:animated-vector-drawable:26.0.0-alpha1] AndroidManifest.xml:17:1-28:12
MERGED from [com.android.support:support-vector-drawable:26.0.0-alpha1] AndroidManifest.xml:17:1-28:12
MERGED from [com.jpardogo.materialtabstrip:library:1.1.0] AndroidManifest.xml:2:1-11:12
MERGED from [com.android.support:transition:26.0.0-alpha1] AndroidManifest.xml:17:1-28:12
MERGED from [com.android.support:support-v13:25.0.0] AndroidManifest.xml:17:1-27:12
MERGED from [com.android.support:support-v4:26.0.0-alpha1] AndroidManifest.xml:17:1-31:12
MERGED from [com.android.support:multidex:1.0.2] AndroidManifest.xml:17:1-22:12
MERGED from [de.hdodenhof:circleimageview:2.2.0] AndroidManifest.xml:2:1-11:12
MERGED from [com.orhanobut:dialogplus:1.11] AndroidManifest.xml:2:1-10:12
MERGED from [com.contrarywind:Android-PickerView:3.2.7] AndroidManifest.xml:2:1-11:12
MERGED from [com.scwang.smartrefresh:SmartRefreshLayout:1.0.3] AndroidManifest.xml:2:1-17:12
MERGED from [com.scwang.smartrefresh:SmartRefreshHeader:1.0.3] AndroidManifest.xml:2:1-17:12
MERGED from [com.github.CymChad:BaseRecyclerViewAdapterHelper:2.9.30] AndroidManifest.xml:2:1-11:12
MERGED from [com.getbase:floatingactionbutton:1.10.1] AndroidManifest.xml:2:1-14:12
MERGED from [com.melnykov:floatingactionbutton:1.3.0] AndroidManifest.xml:2:1-14:12
MERGED from [com.github.zcweng:switch-button:0.0.3] AndroidManifest.xml:2:1-11:12
MERGED from [com.github.bumptech.glide:glide:4.6.1] AndroidManifest.xml:2:1-13:12
MERGED from [com.orhanobut:logger:2.2.0] AndroidManifest.xml:2:1-8:12
MERGED from [com.yanzhenjie:permission:2.0.0-rc4] AndroidManifest.xml:17:1-33:12
MERGED from [cn.qqtheme.framework:Common:1.5.5] AndroidManifest.xml:2:1-12:12
MERGED from [com.android.support:recyclerview-v7:26.0.0-alpha1] AndroidManifest.xml:17:1-26:12
MERGED from [com.github.bumptech.glide:gifdecoder:4.6.1] AndroidManifest.xml:2:1-11:12
MERGED from [com.android.support:support-media-compat:26.0.0-alpha1] AndroidManifest.xml:17:1-31:12
MERGED from [com.android.support:support-fragment:27.0.2] AndroidManifest.xml:17:1-22:12
MERGED from [com.android.support:support-core-ui:27.0.2] AndroidManifest.xml:17:1-22:12
MERGED from [com.android.support:support-core-utils:27.0.2] AndroidManifest.xml:17:1-22:12
MERGED from [com.android.support:support-compat:27.0.2] AndroidManifest.xml:17:1-22:12
MERGED from [android.arch.lifecycle:runtime:1.0.3] AndroidManifest.xml:17:1-24:12
INJECTED from src/main/AndroidManifest.xml:2:1-146:12
INJECTED from src/main/AndroidManifest.xml:2:1-146:12
INJECTED from src/main/AndroidManifest.xml:2:1-146:12
	package
		ADDED from src/main/AndroidManifest.xml:3:5-40
		INJECTED from src/main/AndroidManifest.xml
		INJECTED from src/main/AndroidManifest.xml
	android:versionName
		INJECTED from src/main/AndroidManifest.xml
		ADDED from src/main/AndroidManifest.xml:2:1-146:12
		INJECTED from src/main/AndroidManifest.xml
	android:versionCode
		INJECTED from src/main/AndroidManifest.xml
		ADDED from src/main/AndroidManifest.xml:2:1-146:12
		INJECTED from src/main/AndroidManifest.xml
	xmlns:android
		ADDED from src/main/AndroidManifest.xml:2:11-69
uses-permission#android.permission.ACCESS_NETWORK_STATE
ADDED from src/main/AndroidManifest.xml:5:5-79
	android:name
		ADDED from src/main/AndroidManifest.xml:5:22-76
uses-permission#android.permission.ACCESS_WIFI_STATE
ADDED from src/main/AndroidManifest.xml:7:5-76
	android:name
		ADDED from src/main/AndroidManifest.xml:7:22-73
uses-permission#android.permission.CHANGE_WIFI_STATE
ADDED from src/main/AndroidManifest.xml:9:5-76
	android:name
		ADDED from src/main/AndroidManifest.xml:9:22-73
uses-permission#android.permission.CHANGE_CONFIGURATION
ADDED from src/main/AndroidManifest.xml:10:5-79
	android:name
		ADDED from src/main/AndroidManifest.xml:10:22-76
uses-permission#android.permission.INTERNET
ADDED from src/main/AndroidManifest.xml:12:5-67
	android:name
		ADDED from src/main/AndroidManifest.xml:12:22-64
uses-permission#android.permission.WAKE_LOCK
ADDED from src/main/AndroidManifest.xml:14:5-68
	android:name
		ADDED from src/main/AndroidManifest.xml:14:22-65
uses-permission#android.permission.ACCESS_COARSE_LOCATION
ADDED from src/main/AndroidManifest.xml:17:5-81
	android:name
		ADDED from src/main/AndroidManifest.xml:17:22-78
uses-permission#android.permission.ACCESS_FINE_LOCATION
ADDED from src/main/AndroidManifest.xml:19:5-79
	android:name
		ADDED from src/main/AndroidManifest.xml:19:22-76
uses-permission#android.permission.ACCESS_LOCATION_EXTRA_COMMANDS
ADDED from src/main/AndroidManifest.xml:21:5-89
	android:name
		ADDED from src/main/AndroidManifest.xml:21:22-86
uses-permission#android.permission.WRITE_EXTERNAL_STORAGE
ADDED from src/main/AndroidManifest.xml:23:5-81
	android:name
		ADDED from src/main/AndroidManifest.xml:23:22-78
uses-permission#android.permission.READ_EXTERNAL_STORAGE
ADDED from src/main/AndroidManifest.xml:25:5-80
MERGED from [cn.qqtheme.framework:FilePicker:1.5.5] AndroidManifest.xml:11:5-80
MERGED from [cn.qqtheme.framework:FilePicker:1.5.5] AndroidManifest.xml:11:5-80
	android:name
		ADDED from src/main/AndroidManifest.xml:25:22-77
uses-permission#android.permission.READ_PHONE_STATE
ADDED from src/main/AndroidManifest.xml:27:5-75
	android:name
		ADDED from src/main/AndroidManifest.xml:27:22-72
uses-permission#android.permission.WRITE_SETTINGS
ADDED from src/main/AndroidManifest.xml:29:5-73
	android:name
		ADDED from src/main/AndroidManifest.xml:29:22-70
uses-permission#android.permission.BLUETOOTH_ADMIN
ADDED from src/main/AndroidManifest.xml:31:5-74
	android:name
		ADDED from src/main/AndroidManifest.xml:31:22-71
uses-permission#android.permission.BLUETOOTH
ADDED from src/main/AndroidManifest.xml:33:5-68
	android:name
		ADDED from src/main/AndroidManifest.xml:33:22-65
uses-permission#android.permission.GET_ACCOUNTS
ADDED from src/main/AndroidManifest.xml:35:5-71
	android:name
		ADDED from src/main/AndroidManifest.xml:35:22-68
uses-permission#android.permission.READ_PROFILE
ADDED from src/main/AndroidManifest.xml:36:5-71
	android:name
		ADDED from src/main/AndroidManifest.xml:36:22-68
uses-permission#android.permission.READ_CONTACTS
ADDED from src/main/AndroidManifest.xml:37:5-72
	android:name
		ADDED from src/main/AndroidManifest.xml:37:22-69
uses-permission#android.permission.WRITE_APN_SETTINGS
ADDED from src/main/AndroidManifest.xml:38:5-77
	android:name
		ADDED from src/main/AndroidManifest.xml:38:22-74
uses-permission#android.permission.MOUNT_FORMAT_FILESYSTEMS
ADDED from src/main/AndroidManifest.xml:39:5-83
	android:name
		ADDED from src/main/AndroidManifest.xml:39:22-80
application
ADDED from src/main/AndroidManifest.xml:41:5-144:19
MERGED from [:SMSSDK-3.0.0:] AndroidManifest.xml:11:5-12:19
MERGED from [:SMSSDK-3.0.0:] AndroidManifest.xml:11:5-12:19
MERGED from [:SMSSDKGUI-3.0.0:] AndroidManifest.xml:11:5-12:19
MERGED from [:SMSSDKGUI-3.0.0:] AndroidManifest.xml:11:5-12:19
MERGED from [com.android.support:design:26.0.0-alpha1] AndroidManifest.xml:29:5-20
MERGED from [com.android.support:design:26.0.0-alpha1] AndroidManifest.xml:29:5-20
MERGED from [com.dinuscxj:circleprogressbar:1.1.1] AndroidManifest.xml:11:5-14:19
MERGED from [com.dinuscxj:circleprogressbar:1.1.1] AndroidManifest.xml:11:5-14:19
MERGED from [com.qiushui:blurredview:0.8.1] AndroidManifest.xml:11:5-15:19
MERGED from [com.qiushui:blurredview:0.8.1] AndroidManifest.xml:11:5-15:19
MERGED from [com.afollestad.material-dialogs:commons:0.9.1.0] AndroidManifest.xml:12:5-20
MERGED from [com.afollestad.material-dialogs:commons:0.9.1.0] AndroidManifest.xml:12:5-20
MERGED from [com.afollestad.material-dialogs:core:0.9.1.0] AndroidManifest.xml:13:5-20
MERGED from [com.afollestad.material-dialogs:core:0.9.1.0] AndroidManifest.xml:13:5-20
MERGED from [com.android.support:appcompat-v7:26.0.0-alpha1] AndroidManifest.xml:29:5-20
MERGED from [com.android.support:appcompat-v7:26.0.0-alpha1] AndroidManifest.xml:29:5-20
MERGED from [com.android.support.constraint:constraint-layout:1.0.2] AndroidManifest.xml:9:5-20
MERGED from [com.android.support.constraint:constraint-layout:1.0.2] AndroidManifest.xml:9:5-20
MERGED from [com.android.support:animated-vector-drawable:26.0.0-alpha1] AndroidManifest.xml:26:5-20
MERGED from [com.android.support:animated-vector-drawable:26.0.0-alpha1] AndroidManifest.xml:26:5-20
MERGED from [com.android.support:support-vector-drawable:26.0.0-alpha1] AndroidManifest.xml:26:5-20
MERGED from [com.android.support:support-vector-drawable:26.0.0-alpha1] AndroidManifest.xml:26:5-20
MERGED from [com.jpardogo.materialtabstrip:library:1.1.0] AndroidManifest.xml:9:5-20
MERGED from [com.jpardogo.materialtabstrip:library:1.1.0] AndroidManifest.xml:9:5-20
MERGED from [com.android.support:transition:26.0.0-alpha1] AndroidManifest.xml:26:5-20
MERGED from [com.android.support:transition:26.0.0-alpha1] AndroidManifest.xml:26:5-20
MERGED from [com.android.support:support-v13:25.0.0] AndroidManifest.xml:25:5-20
MERGED from [com.android.support:support-v13:25.0.0] AndroidManifest.xml:25:5-20
MERGED from [com.android.support:support-v4:26.0.0-alpha1] AndroidManifest.xml:29:5-20
MERGED from [com.android.support:support-v4:26.0.0-alpha1] AndroidManifest.xml:29:5-20
MERGED from [de.hdodenhof:circleimageview:2.2.0] AndroidManifest.xml:9:5-20
MERGED from [de.hdodenhof:circleimageview:2.2.0] AndroidManifest.xml:9:5-20
MERGED from [com.scwang.smartrefresh:SmartRefreshLayout:1.0.3] AndroidManifest.xml:11:5-15:19
MERGED from [com.scwang.smartrefresh:SmartRefreshLayout:1.0.3] AndroidManifest.xml:11:5-15:19
MERGED from [com.scwang.smartrefresh:SmartRefreshHeader:1.0.3] AndroidManifest.xml:11:5-15:19
MERGED from [com.scwang.smartrefresh:SmartRefreshHeader:1.0.3] AndroidManifest.xml:11:5-15:19
MERGED from [com.getbase:floatingactionbutton:1.10.1] AndroidManifest.xml:12:5-20
MERGED from [com.getbase:floatingactionbutton:1.10.1] AndroidManifest.xml:12:5-20
MERGED from [com.melnykov:floatingactionbutton:1.3.0] AndroidManifest.xml:12:5-20
MERGED from [com.melnykov:floatingactionbutton:1.3.0] AndroidManifest.xml:12:5-20
MERGED from [com.github.bumptech.glide:glide:4.6.1] AndroidManifest.xml:11:5-20
MERGED from [com.github.bumptech.glide:glide:4.6.1] AndroidManifest.xml:11:5-20
MERGED from [com.yanzhenjie:permission:2.0.0-rc4] AndroidManifest.xml:24:5-31:19
MERGED from [com.yanzhenjie:permission:2.0.0-rc4] AndroidManifest.xml:24:5-31:19
MERGED from [com.github.bumptech.glide:gifdecoder:4.6.1] AndroidManifest.xml:9:5-20
MERGED from [com.github.bumptech.glide:gifdecoder:4.6.1] AndroidManifest.xml:9:5-20
MERGED from [com.android.support:support-media-compat:26.0.0-alpha1] AndroidManifest.xml:29:5-20
MERGED from [com.android.support:support-media-compat:26.0.0-alpha1] AndroidManifest.xml:29:5-20
	android:supportsRtl
		ADDED from src/main/AndroidManifest.xml:48:9-35
	android:label
		ADDED from src/main/AndroidManifest.xml:45:9-41
	android:roundIcon
		ADDED from src/main/AndroidManifest.xml:47:9-54
	android:persistent
		ADDED from src/main/AndroidManifest.xml:46:9-35
	android:icon
		ADDED from src/main/AndroidManifest.xml:44:9-43
	android:allowBackup
		ADDED from src/main/AndroidManifest.xml:43:9-35
	android:theme
		ADDED from src/main/AndroidManifest.xml:49:9-39
	android:name
		ADDED from src/main/AndroidManifest.xml:42:9-38
meta-data#com.amap.api.v2.apikey
ADDED from src/main/AndroidManifest.xml:50:9-52:64
	android:value
		ADDED from src/main/AndroidManifest.xml:52:13-61
	android:name
		ADDED from src/main/AndroidManifest.xml:51:13-50
service#com.amap.api.location.APSService
ADDED from src/main/AndroidManifest.xml:54:9-68
	android:name
		ADDED from src/main/AndroidManifest.xml:54:18-65
activity#com.example.sam.lowcarbon.AdvertiseActivity
ADDED from src/main/AndroidManifest.xml:56:9-64:20
	android:screenOrientation
		ADDED from src/main/AndroidManifest.xml:58:13-49
	android:name
		ADDED from src/main/AndroidManifest.xml:57:13-46
intent-filter#action:name:android.intent.action.MAIN+category:name:android.intent.category.LAUNCHER
ADDED from src/main/AndroidManifest.xml:59:13-63:29
action#android.intent.action.MAIN
ADDED from src/main/AndroidManifest.xml:60:17-69
	android:name
		ADDED from src/main/AndroidManifest.xml:60:25-66
category#android.intent.category.LAUNCHER
ADDED from src/main/AndroidManifest.xml:62:17-77
	android:name
		ADDED from src/main/AndroidManifest.xml:62:27-74
activity#com.example.sam.lowcarbon.LoginActivity
ADDED from src/main/AndroidManifest.xml:65:9-68:52
	android:screenOrientation
		ADDED from src/main/AndroidManifest.xml:68:13-49
	android:launchMode
		ADDED from src/main/AndroidManifest.xml:67:13-44
	android:name
		ADDED from src/main/AndroidManifest.xml:66:13-42
activity#com.example.sam.lowcarbon.SportsActivity
ADDED from src/main/AndroidManifest.xml:71:9-73:52
	android:screenOrientation
		ADDED from src/main/AndroidManifest.xml:73:13-49
	android:name
		ADDED from src/main/AndroidManifest.xml:72:13-43
activity#com.example.sam.lowcarbon.MainActivity
ADDED from src/main/AndroidManifest.xml:76:9-78:52
	android:screenOrientation
		ADDED from src/main/AndroidManifest.xml:78:13-49
	android:name
		ADDED from src/main/AndroidManifest.xml:77:13-41
activity#com.example.sam.lowcarbon.RegisterActivity
ADDED from src/main/AndroidManifest.xml:81:9-83:52
	android:screenOrientation
		ADDED from src/main/AndroidManifest.xml:83:13-49
	android:name
		ADDED from src/main/AndroidManifest.xml:82:13-45
activity#com.tencent.tauth.AuthActivity
ADDED from src/main/AndroidManifest.xml:86:9-98:20
	android:launchMode
		ADDED from src/main/AndroidManifest.xml:88:13-44
	android:noHistory
		ADDED from src/main/AndroidManifest.xml:89:13-37
	android:name
		ADDED from src/main/AndroidManifest.xml:87:13-58
intent-filter#action:name:android.intent.action.VIEW+category:name:android.intent.category.BROWSABLE+category:name:android.intent.category.DEFAULT+data:scheme:1106496066
ADDED from src/main/AndroidManifest.xml:90:13-97:29
action#android.intent.action.VIEW
ADDED from src/main/AndroidManifest.xml:91:17-69
	android:name
		ADDED from src/main/AndroidManifest.xml:91:25-66
category#android.intent.category.DEFAULT
ADDED from src/main/AndroidManifest.xml:93:17-76
	android:name
		ADDED from src/main/AndroidManifest.xml:93:27-73
category#android.intent.category.BROWSABLE
ADDED from src/main/AndroidManifest.xml:94:17-78
	android:name
		ADDED from src/main/AndroidManifest.xml:94:27-75
data
ADDED from src/main/AndroidManifest.xml:96:17-53
	android:scheme
		ADDED from src/main/AndroidManifest.xml:96:23-50
activity#com.tencent.connect.common.AssistActivity
ADDED from src/main/AndroidManifest.xml:99:9-102:75
	android:configChanges
		ADDED from src/main/AndroidManifest.xml:101:13-74
	android:theme
		ADDED from src/main/AndroidManifest.xml:102:13-72
	android:name
		ADDED from src/main/AndroidManifest.xml:100:13-69
service#com.example.sam.lowcarbon.StepService
ADDED from src/main/AndroidManifest.xml:105:9-108:39
	android:enabled
		ADDED from src/main/AndroidManifest.xml:107:13-35
	android:exported
		ADDED from src/main/AndroidManifest.xml:108:13-36
	android:name
		ADDED from src/main/AndroidManifest.xml:106:13-40
activity#com.mob.tools.MobUIShell
ADDED from src/main/AndroidManifest.xml:111:9-115:70
	android:windowSoftInputMode
		ADDED from src/main/AndroidManifest.xml:115:13-67
	android:configChanges
		ADDED from src/main/AndroidManifest.xml:113:13-74
	android:theme
		ADDED from src/main/AndroidManifest.xml:114:13-72
	android:name
		ADDED from src/main/AndroidManifest.xml:112:13-52
activity#com.example.sam.lowcarbon.BreathTest
ADDED from src/main/AndroidManifest.xml:116:9-118:52
	android:screenOrientation
		ADDED from src/main/AndroidManifest.xml:118:13-49
	android:name
		ADDED from src/main/AndroidManifest.xml:117:13-39
activity#com.example.sam.lowcarbon.FriendActivity
ADDED from src/main/AndroidManifest.xml:119:9-123:75
	android:screenOrientation
		ADDED from src/main/AndroidManifest.xml:122:13-49
	android:launchMode
		ADDED from src/main/AndroidManifest.xml:121:13-44
	android:windowSoftInputMode
		ADDED from src/main/AndroidManifest.xml:123:13-72
	android:name
		ADDED from src/main/AndroidManifest.xml:120:13-43
service#com.example.sam.lowcarbon.SocketService
ADDED from src/main/AndroidManifest.xml:125:9-128:39
	android:enabled
		ADDED from src/main/AndroidManifest.xml:127:13-35
	android:exported
		ADDED from src/main/AndroidManifest.xml:128:13-36
	android:name
		ADDED from src/main/AndroidManifest.xml:126:13-42
activity#com.example.sam.lowcarbon.UserInfoActivity
ADDED from src/main/AndroidManifest.xml:130:9-132:75
	android:windowSoftInputMode
		ADDED from src/main/AndroidManifest.xml:132:13-72
	android:name
		ADDED from src/main/AndroidManifest.xml:131:13-45
activity#com.example.sam.lowcarbon.SettingsActivity
ADDED from src/main/AndroidManifest.xml:133:9-135:47
	android:launchMode
		ADDED from src/main/AndroidManifest.xml:135:13-44
	android:name
		ADDED from src/main/AndroidManifest.xml:134:13-45
activity#com.example.sam.lowcarbon.RecommendActivity
ADDED from src/main/AndroidManifest.xml:136:9-55
	android:name
		ADDED from src/main/AndroidManifest.xml:136:19-52
activity#com.example.sam.lowcarbon.FriendActivity2
ADDED from src/main/AndroidManifest.xml:137:9-141:75
	android:screenOrientation
		ADDED from src/main/AndroidManifest.xml:140:13-49
	android:launchMode
		ADDED from src/main/AndroidManifest.xml:139:13-44
	android:windowSoftInputMode
		ADDED from src/main/AndroidManifest.xml:141:13-72
	android:name
		ADDED from src/main/AndroidManifest.xml:138:13-44
activity#com.example.sam.lowcarbon.SearchActivity
ADDED from src/main/AndroidManifest.xml:142:9-52
	android:name
		ADDED from src/main/AndroidManifest.xml:142:19-49
activity#com.example.sam.lowcarbon.AboutActivity
ADDED from src/main/AndroidManifest.xml:143:9-60
	android:name
		ADDED from src/main/AndroidManifest.xml:143:19-48
uses-sdk
INJECTED from src/main/AndroidManifest.xml reason: use-sdk injection requested
INJECTED from src/main/AndroidManifest.xml
INJECTED from src/main/AndroidManifest.xml
MERGED from [:SMSSDK-3.0.0:] AndroidManifest.xml:7:5-9:41
MERGED from [:SMSSDK-3.0.0:] AndroidManifest.xml:7:5-9:41
MERGED from [:SMSSDKGUI-3.0.0:] AndroidManifest.xml:7:5-9:41
MERGED from [:SMSSDKGUI-3.0.0:] AndroidManifest.xml:7:5-9:41
MERGED from [cn.qqtheme.framework:WheelPicker:1.5.5] AndroidManifest.xml:8:5-10:41
MERGED from [cn.qqtheme.framework:WheelPicker:1.5.5] AndroidManifest.xml:8:5-10:41
MERGED from [cn.qqtheme.framework:FilePicker:1.5.5] AndroidManifest.xml:7:5-9:41
MERGED from [cn.qqtheme.framework:FilePicker:1.5.5] AndroidManifest.xml:7:5-9:41
MERGED from [cn.qqtheme.framework:ColorPicker:1.5.5] AndroidManifest.xml:8:5-10:41
MERGED from [cn.qqtheme.framework:ColorPicker:1.5.5] AndroidManifest.xml:8:5-10:41
MERGED from [com.android.support:design:26.0.0-alpha1] AndroidManifest.xml:21:5-23:62
MERGED from [com.android.support:design:26.0.0-alpha1] AndroidManifest.xml:21:5-23:62
MERGED from [com.dinuscxj:circleprogressbar:1.1.1] AndroidManifest.xml:7:5-9:41
MERGED from [com.dinuscxj:circleprogressbar:1.1.1] AndroidManifest.xml:7:5-9:41
MERGED from [com.qiushui:blurredview:0.8.1] AndroidManifest.xml:7:5-9:41
MERGED from [com.qiushui:blurredview:0.8.1] AndroidManifest.xml:7:5-9:41
MERGED from [com.afollestad.material-dialogs:commons:0.9.1.0] AndroidManifest.xml:8:5-10:41
MERGED from [com.afollestad.material-dialogs:commons:0.9.1.0] AndroidManifest.xml:8:5-10:41
MERGED from [com.afollestad.material-dialogs:core:0.9.1.0] AndroidManifest.xml:8:5-11:75
MERGED from [com.afollestad.material-dialogs:core:0.9.1.0] AndroidManifest.xml:8:5-11:75
MERGED from [com.github.florent37:materialviewpager:1.2.3] AndroidManifest.xml:7:5-9:41
MERGED from [com.github.florent37:materialviewpager:1.2.3] AndroidManifest.xml:7:5-9:41
MERGED from [me.zhanghai.android.materialprogressbar:library:1.3.0] AndroidManifest.xml:12:5-14:41
MERGED from [me.zhanghai.android.materialprogressbar:library:1.3.0] AndroidManifest.xml:12:5-14:41
MERGED from [com.android.support:appcompat-v7:26.0.0-alpha1] AndroidManifest.xml:21:5-23:78
MERGED from [com.android.support:appcompat-v7:26.0.0-alpha1] AndroidManifest.xml:21:5-23:78
MERGED from [com.android.support.constraint:constraint-layout:1.0.2] AndroidManifest.xml:5:5-7:41
MERGED from [com.android.support.constraint:constraint-layout:1.0.2] AndroidManifest.xml:5:5-7:41
MERGED from [com.android.support:animated-vector-drawable:26.0.0-alpha1] AndroidManifest.xml:20:5-44
MERGED from [com.android.support:animated-vector-drawable:26.0.0-alpha1] AndroidManifest.xml:20:5-44
MERGED from [com.android.support:support-vector-drawable:26.0.0-alpha1] AndroidManifest.xml:20:5-44
MERGED from [com.android.support:support-vector-drawable:26.0.0-alpha1] AndroidManifest.xml:20:5-44
MERGED from [com.jpardogo.materialtabstrip:library:1.1.0] AndroidManifest.xml:5:5-7:41
MERGED from [com.jpardogo.materialtabstrip:library:1.1.0] AndroidManifest.xml:5:5-7:41
MERGED from [com.android.support:transition:26.0.0-alpha1] AndroidManifest.xml:20:5-44
MERGED from [com.android.support:transition:26.0.0-alpha1] AndroidManifest.xml:20:5-44
MERGED from [com.android.support:support-v13:25.0.0] AndroidManifest.xml:21:5-23:55
MERGED from [com.android.support:support-v13:25.0.0] AndroidManifest.xml:21:5-23:55
MERGED from [com.android.support:support-v4:26.0.0-alpha1] AndroidManifest.xml:21:5-23:54
MERGED from [com.android.support:support-v4:26.0.0-alpha1] AndroidManifest.xml:21:5-23:54
MERGED from [com.android.support:multidex:1.0.2] AndroidManifest.xml:20:5-43
MERGED from [com.android.support:multidex:1.0.2] AndroidManifest.xml:20:5-43
MERGED from [de.hdodenhof:circleimageview:2.2.0] AndroidManifest.xml:5:5-7:41
MERGED from [de.hdodenhof:circleimageview:2.2.0] AndroidManifest.xml:5:5-7:41
MERGED from [com.orhanobut:dialogplus:1.11] AndroidManifest.xml:6:5-8:41
MERGED from [com.orhanobut:dialogplus:1.11] AndroidManifest.xml:6:5-8:41
MERGED from [com.contrarywind:Android-PickerView:3.2.7] AndroidManifest.xml:7:5-9:41
MERGED from [com.contrarywind:Android-PickerView:3.2.7] AndroidManifest.xml:7:5-9:41
MERGED from [com.scwang.smartrefresh:SmartRefreshLayout:1.0.3] AndroidManifest.xml:7:5-9:41
MERGED from [com.scwang.smartrefresh:SmartRefreshLayout:1.0.3] AndroidManifest.xml:7:5-9:41
MERGED from [com.scwang.smartrefresh:SmartRefreshHeader:1.0.3] AndroidManifest.xml:7:5-9:41
MERGED from [com.scwang.smartrefresh:SmartRefreshHeader:1.0.3] AndroidManifest.xml:7:5-9:41
MERGED from [com.github.CymChad:BaseRecyclerViewAdapterHelper:2.9.30] AndroidManifest.xml:7:5-9:41
MERGED from [com.github.CymChad:BaseRecyclerViewAdapterHelper:2.9.30] AndroidManifest.xml:7:5-9:41
MERGED from [com.getbase:floatingactionbutton:1.10.1] AndroidManifest.xml:8:5-10:41
MERGED from [com.getbase:floatingactionbutton:1.10.1] AndroidManifest.xml:8:5-10:41
MERGED from [com.melnykov:floatingactionbutton:1.3.0] AndroidManifest.xml:8:5-10:41
MERGED from [com.melnykov:floatingactionbutton:1.3.0] AndroidManifest.xml:8:5-10:41
MERGED from [com.github.zcweng:switch-button:0.0.3] AndroidManifest.xml:7:5-9:41
MERGED from [com.github.zcweng:switch-button:0.0.3] AndroidManifest.xml:7:5-9:41
MERGED from [com.github.bumptech.glide:glide:4.6.1] AndroidManifest.xml:7:5-9:41
MERGED from [com.github.bumptech.glide:glide:4.6.1] AndroidManifest.xml:7:5-9:41
MERGED from [com.orhanobut:logger:2.2.0] AndroidManifest.xml:6:5-43
MERGED from [com.orhanobut:logger:2.2.0] AndroidManifest.xml:6:5-43
MERGED from [com.yanzhenjie:permission:2.0.0-rc4] AndroidManifest.xml:20:5-22:41
MERGED from [com.yanzhenjie:permission:2.0.0-rc4] AndroidManifest.xml:20:5-22:41
MERGED from [cn.qqtheme.framework:Common:1.5.5] AndroidManifest.xml:8:5-10:41
MERGED from [cn.qqtheme.framework:Common:1.5.5] AndroidManifest.xml:8:5-10:41
MERGED from [com.android.support:recyclerview-v7:26.0.0-alpha1] AndroidManifest.xml:20:5-44
MERGED from [com.android.support:recyclerview-v7:26.0.0-alpha1] AndroidManifest.xml:20:5-44
MERGED from [com.github.bumptech.glide:gifdecoder:4.6.1] AndroidManifest.xml:5:5-7:41
MERGED from [com.github.bumptech.glide:gifdecoder:4.6.1] AndroidManifest.xml:5:5-7:41
MERGED from [com.android.support:support-media-compat:26.0.0-alpha1] AndroidManifest.xml:21:5-23:63
MERGED from [com.android.support:support-media-compat:26.0.0-alpha1] AndroidManifest.xml:21:5-23:63
MERGED from [com.android.support:support-fragment:27.0.2] AndroidManifest.xml:20:5-44
MERGED from [com.android.support:support-fragment:27.0.2] AndroidManifest.xml:20:5-44
MERGED from [com.android.support:support-core-ui:27.0.2] AndroidManifest.xml:20:5-44
MERGED from [com.android.support:support-core-ui:27.0.2] AndroidManifest.xml:20:5-44
MERGED from [com.android.support:support-core-utils:27.0.2] AndroidManifest.xml:20:5-44
MERGED from [com.android.support:support-core-utils:27.0.2] AndroidManifest.xml:20:5-44
MERGED from [com.android.support:support-compat:27.0.2] AndroidManifest.xml:20:5-44
MERGED from [com.android.support:support-compat:27.0.2] AndroidManifest.xml:20:5-44
MERGED from [android.arch.lifecycle:runtime:1.0.3] AndroidManifest.xml:20:5-22:41
MERGED from [android.arch.lifecycle:runtime:1.0.3] AndroidManifest.xml:20:5-22:41
INJECTED from src/main/AndroidManifest.xml
INJECTED from src/main/AndroidManifest.xml
	tools:overrideLibrary
		ADDED from [com.android.support:design:26.0.0-alpha1] AndroidManifest.xml:23:9-59
	android:targetSdkVersion
		INJECTED from src/main/AndroidManifest.xml
		ADDED from src/main/AndroidManifest.xml
		INJECTED from src/main/AndroidManifest.xml
	android:minSdkVersion
		INJECTED from src/main/AndroidManifest.xml
		ADDED from src/main/AndroidManifest.xml
		INJECTED from src/main/AndroidManifest.xml
meta-data#android.support.VERSION
ADDED from [com.android.support:design:26.0.0-alpha1] AndroidManifest.xml:25:5-27:41
MERGED from [com.android.support:appcompat-v7:26.0.0-alpha1] AndroidManifest.xml:25:5-27:41
MERGED from [com.android.support:appcompat-v7:26.0.0-alpha1] AndroidManifest.xml:25:5-27:41
MERGED from [com.android.support:animated-vector-drawable:26.0.0-alpha1] AndroidManifest.xml:22:5-24:41
MERGED from [com.android.support:animated-vector-drawable:26.0.0-alpha1] AndroidManifest.xml:22:5-24:41
MERGED from [com.android.support:support-vector-drawable:26.0.0-alpha1] AndroidManifest.xml:22:5-24:41
MERGED from [com.android.support:support-vector-drawable:26.0.0-alpha1] AndroidManifest.xml:22:5-24:41
MERGED from [com.android.support:transition:26.0.0-alpha1] AndroidManifest.xml:22:5-24:41
MERGED from [com.android.support:transition:26.0.0-alpha1] AndroidManifest.xml:22:5-24:41
MERGED from [com.android.support:support-v4:26.0.0-alpha1] AndroidManifest.xml:25:5-27:41
MERGED from [com.android.support:support-v4:26.0.0-alpha1] AndroidManifest.xml:25:5-27:41
MERGED from [com.android.support:recyclerview-v7:26.0.0-alpha1] AndroidManifest.xml:22:5-24:41
MERGED from [com.android.support:recyclerview-v7:26.0.0-alpha1] AndroidManifest.xml:22:5-24:41
MERGED from [com.android.support:support-media-compat:26.0.0-alpha1] AndroidManifest.xml:25:5-27:41
MERGED from [com.android.support:support-media-compat:26.0.0-alpha1] AndroidManifest.xml:25:5-27:41
	android:value
		ADDED from [com.android.support:design:26.0.0-alpha1] AndroidManifest.xml:27:9-38
	android:name
		ADDED from [com.android.support:design:26.0.0-alpha1] AndroidManifest.xml:26:9-47
activity#com.yanzhenjie.permission.PermissionActivity
ADDED from [com.yanzhenjie:permission:2.0.0-rc4] AndroidManifest.xml:25:9-30:75
	android:launchMode
		ADDED from [com.yanzhenjie:permission:2.0.0-rc4] AndroidManifest.xml:28:13-42
	android:windowSoftInputMode
		ADDED from [com.yanzhenjie:permission:2.0.0-rc4] AndroidManifest.xml:30:13-72
	android:configChanges
		ADDED from [com.yanzhenjie:permission:2.0.0-rc4] AndroidManifest.xml:27:13-74
	android:theme
		ADDED from [com.yanzhenjie:permission:2.0.0-rc4] AndroidManifest.xml:29:13-65
	android:name
		ADDED from [com.yanzhenjie:permission:2.0.0-rc4] AndroidManifest.xml:26:13-72